<?xml version="1.0" encoding="UTF-8"?>
<!-- Generated by org.testng.reporters.JUnitXMLReporter -->
<testsuite ignored="0" hostname="LAPTOP-197KL6J0" failures="0" tests="5" name="Test" time="10.876" errors="0" timestamp="2022-02-28T16:14:15 IST">
  <testcase classname="com.Bank.TestCase.TC_01_LoginPage" name="verifyLogin" time="1.07"/>
  <testcase classname="com.Bank.TestCase.TC_02_DashboardPage" name="verifyDahsboard" time="1.483"/>
  <testcase classname="com.Bank.TestCase.TC_03_TranscationPage" name="verifyTranscations" time="1.873"/>
  <testcase classname="com.Bank.TestCase.TC_05_WithdrawalPage" name="verifyWithdrawal" time="1.914"/>
  <testcase classname="com.Bank.TestCase.TC_04_DepositePage" name="verifyDeposite" time="2.349"/>
</testsuite> <!-- Test -->
